This file contains any messages produced by compilers while
running configure, to aid debugging if configure makes a mistake.

It was created by sqlite configure 3.37.0, which was
generated by GNU Autoconf 2.71.  Invocation command line was

  $ configure

## --------- ##
## Platform. ##
## --------- ##

hostname = B-R4FCML7L-2125.local
uname -m = x86_64
uname -r = 21.3.0
uname -s = Darwin
uname -v = Darwin Kernel Version 21.3.0: Wed Jan  5 21:37:58 PST 2022; root:xnu-8019.80.24~20/RELEASE_X86_64

/usr/bin/uname -p = i386
/bin/uname -X     = unknown

/bin/arch              = unknown
/usr/bin/arch -k       = unknown
/usr/convex/getsysinfo = unknown
/usr/bin/hostinfo      = Mach kernel version:
	 Darwin Kernel Version 21.3.0: Wed Jan  5 21:37:58 PST 2022; root:xnu-8019.80.24~20/RELEASE_X86_64
Kernel configured for up to 8 processors.
4 processors are physically available.
8 processors are logically available.
Processor type: x86_64h (Intel x86-64h Haswell)
Processors active: 0 1 2 3 4 5 6 7
Primary memory available: 16.00 gigabytes
Default processor set: 731 tasks, 4945 threads, 8 processors
Load average: 5.65, Mach factor: 2.48
/bin/machine           = unknown
/usr/bin/oslevel       = unknown
/bin/universe          = unknown

PATH: /bin/
PATH: /Library/TeX/texbin/
PATH: /Users/hyc/bin/sh_projects/public-shell/sf/
PATH: /Users/hyc/go/src/github.com/forge1yc/fabric-samples/bin/
PATH: /usr/local/mysql/bin/
PATH: /Users/hyc/Documents/maven/apache-maven-3.8.1/bin/
PATH: /Library/Java/JavaVirtualMachines/jdk1.8.0_151.jdk/Contents/Home/
PATH: /Users/hyc/opt/anaconda3/bin/
PATH: /Users/hyc/opt/anaconda3/condabin/
PATH: /usr/local/bin/
PATH: /usr/local/sbin/
PATH: /usr/local/bin/
PATH: /usr/bin/
PATH: /bin/
PATH: /usr/sbin/
PATH: /sbin/
PATH: /Library/TeX/texbin/
PATH: /usr/local/go/bin/
PATH: /Users/hyc/.arkade/bin/


## ----------- ##
## Core tests. ##
## ----------- ##

configure:2450: looking for aux files: install-sh config.guess config.sub ltmain.sh
configure:2463:  trying ./
configure:2474:   ./install-sh found
configure:2492:   ./config.guess found
configure:2492:   ./config.sub found
configure:2492:   ./ltmain.sh found
configure:2649: checking build system type
configure:2664: result: x86_64-apple-darwin21.3.0
configure:2684: checking host system type
configure:2698: result: x86_64-apple-darwin21.3.0
configure:2739: checking how to print strings
configure:2766: result: printf
configure:2849: checking for gcc
configure:2870: found /usr/bin/gcc
configure:2881: result: gcc
configure:3234: checking for C compiler version
configure:3243: gcc --version >&5
Apple clang version 13.0.0 (clang-1300.0.27.3)
Target: x86_64-apple-darwin21.3.0
Thread model: posix
InstalledDir: /Library/Developer/CommandLineTools/usr/bin
Configured with: --prefix=/Library/Developer/CommandLineTools/usr --with-gxx-include-dir=/Library/Developer/CommandLineTools/SDKs/MacOSX12.1.sdk/usr/include/c++/4.2.1
configure:3254: $? = 0
configure:3243: gcc -v >&5
Configured with: --prefix=/Library/Developer/CommandLineTools/usr --with-gxx-include-dir=/Library/Developer/CommandLineTools/SDKs/MacOSX12.1.sdk/usr/include/c++/4.2.1
Apple clang version 13.0.0 (clang-1300.0.27.3)
Target: x86_64-apple-darwin21.3.0
Thread model: posix
InstalledDir: /Library/Developer/CommandLineTools/usr/bin
configure:3254: $? = 0
configure:3243: gcc -V >&5
clang: error: argument to '-V' is missing (expected 1 value)
clang: error: no input files
configure:3254: $? = 1
configure:3243: gcc -qversion >&5
clang: error: unknown argument '-qversion'; did you mean '--version'?
clang: error: no input files
configure:3254: $? = 1
configure:3243: gcc -version >&5
clang: error: unknown argument '-version'; did you mean '--version'?
clang: error: no input files
configure:3254: $? = 1
configure:3274: checking whether the C compiler works
configure:3296: gcc    conftest.c  >&5
configure:3300: $? = 0
configure:3350: result: yes
configure:3353: checking for C compiler default output file name
configure:3355: result: a.out
configure:3361: checking for suffix of executables
configure:3368: gcc -o conftest    conftest.c  >&5
configure:3372: $? = 0
configure:3395: result: 
configure:3417: checking whether we are cross compiling
configure:3425: gcc -o conftest    conftest.c  >&5
configure:3429: $? = 0
configure:3436: ./conftest
configure:3440: $? = 0
configure:3455: result: no
configure:3460: checking for suffix of object files
configure:3483: gcc -c   conftest.c >&5
configure:3487: $? = 0
configure:3509: result: o
configure:3513: checking whether the compiler supports GNU C
configure:3533: gcc -c   conftest.c >&5
configure:3533: $? = 0
configure:3543: result: yes
configure:3554: checking whether gcc accepts -g
configure:3575: gcc -c -g  conftest.c >&5
configure:3575: $? = 0
configure:3619: result: yes
configure:3639: checking for gcc option to enable C11 features
configure:3654: gcc  -c -g -O2  conftest.c >&5
configure:3654: $? = 0
configure:3672: result: none needed
configure:3782: checking for a sed that does not truncate output
configure:3852: result: /usr/bin/sed
configure:3870: checking for grep that handles long lines and -e
configure:3934: result: /usr/bin/grep
configure:3939: checking for egrep
configure:4007: result: /usr/bin/grep -E
configure:4012: checking for fgrep
configure:4080: result: /usr/bin/grep -F
configure:4116: checking for ld used by gcc
configure:4184: result: /Library/Developer/CommandLineTools/usr/bin/ld
configure:4191: checking if the linker (/Library/Developer/CommandLineTools/usr/bin/ld) is GNU ld
configure:4207: result: no
configure:4219: checking for BSD- or MS-compatible name lister (nm)
configure:4274: result: /usr/bin/nm -B
configure:4414: checking the name lister (/usr/bin/nm -B) interface
configure:4422: gcc -c -g -O2  conftest.c >&5
configure:4425: /usr/bin/nm -B "conftest.o"
configure:4428: output
0000000000000224 S _some_variable
configure:4435: result: BSD nm
configure:4438: checking whether ln -s works
configure:4442: result: yes
configure:4450: checking the maximum length of command line arguments
configure:4582: result: 786432
configure:4630: checking how to convert x86_64-apple-darwin21.3.0 file names to x86_64-apple-darwin21.3.0 format
configure:4671: result: func_convert_file_noop
configure:4678: checking how to convert x86_64-apple-darwin21.3.0 file names to toolchain format
configure:4699: result: func_convert_file_noop
configure:4706: checking for /Library/Developer/CommandLineTools/usr/bin/ld option to reload object files
configure:4714: result: -r
configure:4793: checking for objdump
configure:4814: found /usr/bin/objdump
configure:4825: result: objdump
configure:4857: checking how to recognize dependent libraries
configure:5058: result: pass_all
configure:5148: checking for dlltool
configure:5183: result: no
configure:5213: checking how to associate runtime and link libraries
configure:5241: result: printf %s\n
configure:5307: checking for ar
configure:5328: found /usr/bin/ar
configure:5339: result: ar
configure:5376: checking for archiver @FILE support
configure:5394: gcc -c -g -O2  conftest.c >&5
configure:5394: $? = 0
configure:5398: ar cru libconftest.a @conftest.lst >&5
ar: @conftest.lst: No such file or directory
configure:5401: $? = 1
configure:5421: result: no
configure:5484: checking for strip
configure:5505: found /usr/bin/strip
configure:5516: result: strip
configure:5593: checking for ranlib
configure:5614: found /usr/bin/ranlib
configure:5625: result: ranlib
configure:5702: checking for gawk
configure:5737: result: no
configure:5702: checking for mawk
configure:5737: result: no
configure:5702: checking for nawk
configure:5737: result: no
configure:5702: checking for awk
configure:5723: found /usr/bin/awk
configure:5734: result: awk
configure:5774: checking command to parse /usr/bin/nm -B output from gcc object
configure:5928: gcc -c -g -O2  conftest.c >&5
configure:5931: $? = 0
configure:5935: /usr/bin/nm -B conftest.o \| sed -n -e 's/^.*[ ]\([BCDEGRST][BCDEGRST]*\)[ ][ ]*\([_A-Za-z][_A-Za-z0-9]*\)$/\1 \2 \2/p' | sed '/ __gnu_lto/d' \> conftest.nm
configure:5938: $? = 0
cannot find nm_test_var in conftest.nm
configure:5928: gcc -c -g -O2  conftest.c >&5
configure:5931: $? = 0
configure:5935: /usr/bin/nm -B conftest.o \| sed -n -e 's/^.*[ ]\([BCDEGRST][BCDEGRST]*\)[ ][ ]*_\([_A-Za-z][_A-Za-z0-9]*\)$/\1 _\2 \2/p' | sed '/ __gnu_lto/d' \> conftest.nm
configure:5938: $? = 0
configure:6004: gcc -o conftest -g -O2   conftest.c conftstm.o >&5
warning: (x86_64)  could not find object file symbol for symbol _main
configure:6007: $? = 0
configure:6045: result: ok
configure:6092: checking for sysroot
configure:6123: result: no
configure:6130: checking for a working dd
configure:6174: result: /bin/dd
configure:6178: checking how to truncate binary pipes
configure:6194: result: /bin/dd bs=4096 count=1
configure:6531: checking for mt
configure:6566: result: no
configure:6586: checking if : is a manifest tool
configure:6593: : '-?'
configure:6601: result: no
configure:6662: checking for dsymutil
configure:6683: found /usr/bin/dsymutil
configure:6694: result: dsymutil
configure:6764: checking for nmedit
configure:6785: found /usr/bin/nmedit
configure:6796: result: nmedit
configure:6866: checking for lipo
configure:6887: found /usr/bin/lipo
configure:6898: result: lipo
configure:6968: checking for otool
configure:6989: found /usr/bin/otool
configure:7000: result: otool
configure:7070: checking for otool64
configure:7105: result: no
configure:7150: checking for -single_module linker flag
gcc -g -O2  -o libconftest.dylib -dynamiclib -Wl,-single_module conftest.c
configure:7184: result: yes
configure:7187: checking for -exported_symbols_list linker flag
configure:7208: gcc -o conftest -g -O2   -Wl,-exported_symbols_list,conftest.sym conftest.c  >&5
configure:7208: $? = 0
configure:7219: result: yes
configure:7222: checking for -force_load linker flag
gcc -g -O2 -c -o conftest.o conftest.c
ar cru libconftest.a conftest.o
ranlib libconftest.a
gcc -g -O2  -o conftest conftest.c -Wl,-force_load,./libconftest.a
configure:7255: result: yes
configure:7326: checking for stdio.h
configure:7326: gcc -c -g -O2  conftest.c >&5
configure:7326: $? = 0
configure:7326: result: yes
configure:7326: checking for stdlib.h
configure:7326: gcc -c -g -O2  conftest.c >&5
configure:7326: $? = 0
configure:7326: result: yes
configure:7326: checking for string.h
configure:7326: gcc -c -g -O2  conftest.c >&5
configure:7326: $? = 0
configure:7326: result: yes
configure:7326: checking for inttypes.h
configure:7326: gcc -c -g -O2  conftest.c >&5
configure:7326: $? = 0
configure:7326: result: yes
configure:7326: checking for stdint.h
configure:7326: gcc -c -g -O2  conftest.c >&5
configure:7326: $? = 0
configure:7326: result: yes
configure:7326: checking for strings.h
configure:7326: gcc -c -g -O2  conftest.c >&5
configure:7326: $? = 0
configure:7326: result: yes
configure:7326: checking for sys/stat.h
configure:7326: gcc -c -g -O2  conftest.c >&5
configure:7326: $? = 0
configure:7326: result: yes
configure:7326: checking for sys/types.h
configure:7326: gcc -c -g -O2  conftest.c >&5
configure:7326: $? = 0
configure:7326: result: yes
configure:7326: checking for unistd.h
configure:7326: gcc -c -g -O2  conftest.c >&5
configure:7326: $? = 0
configure:7326: result: yes
configure:7351: checking for dlfcn.h
configure:7351: gcc -c -g -O2  conftest.c >&5
configure:7351: $? = 0
configure:7351: result: yes
configure:7610: checking for objdir
configure:7626: result: .libs
configure:7886: checking if gcc supports -fno-rtti -fno-exceptions
configure:7905: gcc -c -g -O2  -fno-rtti -fno-exceptions conftest.c >&5
configure:7909: $? = 0
configure:7922: result: yes
configure:8280: checking for gcc option to produce PIC
configure:8288: result: -fno-common -DPIC
configure:8296: checking if gcc PIC flag -fno-common -DPIC works
configure:8315: gcc -c -g -O2  -fno-common -DPIC -DPIC conftest.c >&5
configure:8319: $? = 0
configure:8332: result: yes
configure:8361: checking if gcc static flag -static works
configure:8390: result: no
configure:8405: checking if gcc supports -c -o file.o
configure:8427: gcc -c -g -O2  -o out/conftest2.o conftest.c >&5
configure:8431: $? = 0
configure:8453: result: yes
configure:8461: checking if gcc supports -c -o file.o
configure:8509: result: yes
configure:8542: checking whether the gcc linker (/Library/Developer/CommandLineTools/usr/bin/ld) supports shared libraries
configure:9808: result: yes
configure:10049: checking dynamic linker characteristics
configure:10870: result: darwin21.3.0 dyld
configure:10992: checking how to hardcode library paths into programs
configure:11017: result: immediate
configure:11569: checking whether stripping libraries is possible
configure:11583: result: yes
configure:11609: checking if libtool supports shared libraries
configure:11611: result: yes
configure:11614: checking whether to build shared libraries
configure:11639: result: yes
configure:11642: checking whether to build static libraries
configure:11646: result: yes
configure:11698: checking for a BSD-compatible install
configure:11771: result: /usr/bin/install -c
configure:11794: checking for special C compiler options needed for large files
configure:11842: result: no
configure:11848: checking for _FILE_OFFSET_BITS value needed for large files
configure:11874: gcc -c -g -O2  conftest.c >&5
configure:11874: $? = 0
configure:11908: result: no
configure:11993: checking for int8_t
configure:11993: gcc -c -g -O2  conftest.c >&5
configure:11993: $? = 0
configure:11993: gcc -c -g -O2  conftest.c >&5
conftest.c:52:21: error: expected expression
if (sizeof ((int8_t)))
                    ^
1 error generated.
configure:11993: $? = 1
configure: failed program was:
| /* confdefs.h */
| #define PACKAGE_NAME "sqlite"
| #define PACKAGE_TARNAME "sqlite"
| #define PACKAGE_VERSION "3.37.0"
| #define PACKAGE_STRING "sqlite 3.37.0"
| #define PACKAGE_BUGREPORT ""
| #define PACKAGE_URL ""
| #define HAVE_STDIO_H 1
| #define HAVE_STDLIB_H 1
| #define HAVE_STRING_H 1
| #define HAVE_INTTYPES_H 1
| #define HAVE_STDINT_H 1
| #define HAVE_STRINGS_H 1
| #define HAVE_SYS_STAT_H 1
| #define HAVE_SYS_TYPES_H 1
| #define HAVE_UNISTD_H 1
| #define STDC_HEADERS 1
| #define HAVE_DLFCN_H 1
| #define LT_OBJDIR ".libs/"
| /* end confdefs.h.  */
| #include <stddef.h>
| #ifdef HAVE_STDIO_H
| # include <stdio.h>
| #endif
| #ifdef HAVE_STDLIB_H
| # include <stdlib.h>
| #endif
| #ifdef HAVE_STRING_H
| # include <string.h>
| #endif
| #ifdef HAVE_INTTYPES_H
| # include <inttypes.h>
| #endif
| #ifdef HAVE_STDINT_H
| # include <stdint.h>
| #endif
| #ifdef HAVE_STRINGS_H
| # include <strings.h>
| #endif
| #ifdef HAVE_SYS_TYPES_H
| # include <sys/types.h>
| #endif
| #ifdef HAVE_SYS_STAT_H
| # include <sys/stat.h>
| #endif
| #ifdef HAVE_UNISTD_H
| # include <unistd.h>
| #endif
| int
| main (void)
| {
| if (sizeof ((int8_t)))
| 	    return 0;
|   ;
|   return 0;
| }
configure:11993: result: yes
configure:12001: checking for int16_t
configure:12001: gcc -c -g -O2  conftest.c >&5
configure:12001: $? = 0
configure:12001: gcc -c -g -O2  conftest.c >&5
conftest.c:53:22: error: expected expression
if (sizeof ((int16_t)))
                     ^
1 error generated.
configure:12001: $? = 1
configure: failed program was:
| /* confdefs.h */
| #define PACKAGE_NAME "sqlite"
| #define PACKAGE_TARNAME "sqlite"
| #define PACKAGE_VERSION "3.37.0"
| #define PACKAGE_STRING "sqlite 3.37.0"
| #define PACKAGE_BUGREPORT ""
| #define PACKAGE_URL ""
| #define HAVE_STDIO_H 1
| #define HAVE_STDLIB_H 1
| #define HAVE_STRING_H 1
| #define HAVE_INTTYPES_H 1
| #define HAVE_STDINT_H 1
| #define HAVE_STRINGS_H 1
| #define HAVE_SYS_STAT_H 1
| #define HAVE_SYS_TYPES_H 1
| #define HAVE_UNISTD_H 1
| #define STDC_HEADERS 1
| #define HAVE_DLFCN_H 1
| #define LT_OBJDIR ".libs/"
| #define HAVE_INT8_T 1
| /* end confdefs.h.  */
| #include <stddef.h>
| #ifdef HAVE_STDIO_H
| # include <stdio.h>
| #endif
| #ifdef HAVE_STDLIB_H
| # include <stdlib.h>
| #endif
| #ifdef HAVE_STRING_H
| # include <string.h>
| #endif
| #ifdef HAVE_INTTYPES_H
| # include <inttypes.h>
| #endif
| #ifdef HAVE_STDINT_H
| # include <stdint.h>
| #endif
| #ifdef HAVE_STRINGS_H
| # include <strings.h>
| #endif
| #ifdef HAVE_SYS_TYPES_H
| # include <sys/types.h>
| #endif
| #ifdef HAVE_SYS_STAT_H
| # include <sys/stat.h>
| #endif
| #ifdef HAVE_UNISTD_H
| # include <unistd.h>
| #endif
| int
| main (void)
| {
| if (sizeof ((int16_t)))
| 	    return 0;
|   ;
|   return 0;
| }
configure:12001: result: yes
configure:12009: checking for int32_t
configure:12009: gcc -c -g -O2  conftest.c >&5
configure:12009: $? = 0
configure:12009: gcc -c -g -O2  conftest.c >&5
conftest.c:54:22: error: expected expression
if (sizeof ((int32_t)))
                     ^
1 error generated.
configure:12009: $? = 1
configure: failed program was:
| /* confdefs.h */
| #define PACKAGE_NAME "sqlite"
| #define PACKAGE_TARNAME "sqlite"
| #define PACKAGE_VERSION "3.37.0"
| #define PACKAGE_STRING "sqlite 3.37.0"
| #define PACKAGE_BUGREPORT ""
| #define PACKAGE_URL ""
| #define HAVE_STDIO_H 1
| #define HAVE_STDLIB_H 1
| #define HAVE_STRING_H 1
| #define HAVE_INTTYPES_H 1
| #define HAVE_STDINT_H 1
| #define HAVE_STRINGS_H 1
| #define HAVE_SYS_STAT_H 1
| #define HAVE_SYS_TYPES_H 1
| #define HAVE_UNISTD_H 1
| #define STDC_HEADERS 1
| #define HAVE_DLFCN_H 1
| #define LT_OBJDIR ".libs/"
| #define HAVE_INT8_T 1
| #define HAVE_INT16_T 1
| /* end confdefs.h.  */
| #include <stddef.h>
| #ifdef HAVE_STDIO_H
| # include <stdio.h>
| #endif
| #ifdef HAVE_STDLIB_H
| # include <stdlib.h>
| #endif
| #ifdef HAVE_STRING_H
| # include <string.h>
| #endif
| #ifdef HAVE_INTTYPES_H
| # include <inttypes.h>
| #endif
| #ifdef HAVE_STDINT_H
| # include <stdint.h>
| #endif
| #ifdef HAVE_STRINGS_H
| # include <strings.h>
| #endif
| #ifdef HAVE_SYS_TYPES_H
| # include <sys/types.h>
| #endif
| #ifdef HAVE_SYS_STAT_H
| # include <sys/stat.h>
| #endif
| #ifdef HAVE_UNISTD_H
| # include <unistd.h>
| #endif
| int
| main (void)
| {
| if (sizeof ((int32_t)))
| 	    return 0;
|   ;
|   return 0;
| }
configure:12009: result: yes
configure:12017: checking for int64_t
configure:12017: gcc -c -g -O2  conftest.c >&5
configure:12017: $? = 0
configure:12017: gcc -c -g -O2  conftest.c >&5
conftest.c:55:22: error: expected expression
if (sizeof ((int64_t)))
                     ^
1 error generated.
configure:12017: $? = 1
configure: failed program was:
| /* confdefs.h */
| #define PACKAGE_NAME "sqlite"
| #define PACKAGE_TARNAME "sqlite"
| #define PACKAGE_VERSION "3.37.0"
| #define PACKAGE_STRING "sqlite 3.37.0"
| #define PACKAGE_BUGREPORT ""
| #define PACKAGE_URL ""
| #define HAVE_STDIO_H 1
| #define HAVE_STDLIB_H 1
| #define HAVE_STRING_H 1
| #define HAVE_INTTYPES_H 1
| #define HAVE_STDINT_H 1
| #define HAVE_STRINGS_H 1
| #define HAVE_SYS_STAT_H 1
| #define HAVE_SYS_TYPES_H 1
| #define HAVE_UNISTD_H 1
| #define STDC_HEADERS 1
| #define HAVE_DLFCN_H 1
| #define LT_OBJDIR ".libs/"
| #define HAVE_INT8_T 1
| #define HAVE_INT16_T 1
| #define HAVE_INT32_T 1
| /* end confdefs.h.  */
| #include <stddef.h>
| #ifdef HAVE_STDIO_H
| # include <stdio.h>
| #endif
| #ifdef HAVE_STDLIB_H
| # include <stdlib.h>
| #endif
| #ifdef HAVE_STRING_H
| # include <string.h>
| #endif
| #ifdef HAVE_INTTYPES_H
| # include <inttypes.h>
| #endif
| #ifdef HAVE_STDINT_H
| # include <stdint.h>
| #endif
| #ifdef HAVE_STRINGS_H
| # include <strings.h>
| #endif
| #ifdef HAVE_SYS_TYPES_H
| # include <sys/types.h>
| #endif
| #ifdef HAVE_SYS_STAT_H
| # include <sys/stat.h>
| #endif
| #ifdef HAVE_UNISTD_H
| # include <unistd.h>
| #endif
| int
| main (void)
| {
| if (sizeof ((int64_t)))
| 	    return 0;
|   ;
|   return 0;
| }
configure:12017: result: yes
configure:12025: checking for intptr_t
configure:12025: gcc -c -g -O2  conftest.c >&5
configure:12025: $? = 0
configure:12025: gcc -c -g -O2  conftest.c >&5
conftest.c:56:23: error: expected expression
if (sizeof ((intptr_t)))
                      ^
1 error generated.
configure:12025: $? = 1
configure: failed program was:
| /* confdefs.h */
| #define PACKAGE_NAME "sqlite"
| #define PACKAGE_TARNAME "sqlite"
| #define PACKAGE_VERSION "3.37.0"
| #define PACKAGE_STRING "sqlite 3.37.0"
| #define PACKAGE_BUGREPORT ""
| #define PACKAGE_URL ""
| #define HAVE_STDIO_H 1
| #define HAVE_STDLIB_H 1
| #define HAVE_STRING_H 1
| #define HAVE_INTTYPES_H 1
| #define HAVE_STDINT_H 1
| #define HAVE_STRINGS_H 1
| #define HAVE_SYS_STAT_H 1
| #define HAVE_SYS_TYPES_H 1
| #define HAVE_UNISTD_H 1
| #define STDC_HEADERS 1
| #define HAVE_DLFCN_H 1
| #define LT_OBJDIR ".libs/"
| #define HAVE_INT8_T 1
| #define HAVE_INT16_T 1
| #define HAVE_INT32_T 1
| #define HAVE_INT64_T 1
| /* end confdefs.h.  */
| #include <stddef.h>
| #ifdef HAVE_STDIO_H
| # include <stdio.h>
| #endif
| #ifdef HAVE_STDLIB_H
| # include <stdlib.h>
| #endif
| #ifdef HAVE_STRING_H
| # include <string.h>
| #endif
| #ifdef HAVE_INTTYPES_H
| # include <inttypes.h>
| #endif
| #ifdef HAVE_STDINT_H
| # include <stdint.h>
| #endif
| #ifdef HAVE_STRINGS_H
| # include <strings.h>
| #endif
| #ifdef HAVE_SYS_TYPES_H
| # include <sys/types.h>
| #endif
| #ifdef HAVE_SYS_STAT_H
| # include <sys/stat.h>
| #endif
| #ifdef HAVE_UNISTD_H
| # include <unistd.h>
| #endif
| int
| main (void)
| {
| if (sizeof ((intptr_t)))
| 	    return 0;
|   ;
|   return 0;
| }
configure:12025: result: yes
configure:12033: checking for uint8_t
configure:12033: gcc -c -g -O2  conftest.c >&5
configure:12033: $? = 0
configure:12033: gcc -c -g -O2  conftest.c >&5
conftest.c:57:22: error: expected expression
if (sizeof ((uint8_t)))
                     ^
1 error generated.
configure:12033: $? = 1
configure: failed program was:
| /* confdefs.h */
| #define PACKAGE_NAME "sqlite"
| #define PACKAGE_TARNAME "sqlite"
| #define PACKAGE_VERSION "3.37.0"
| #define PACKAGE_STRING "sqlite 3.37.0"
| #define PACKAGE_BUGREPORT ""
| #define PACKAGE_URL ""
| #define HAVE_STDIO_H 1
| #define HAVE_STDLIB_H 1
| #define HAVE_STRING_H 1
| #define HAVE_INTTYPES_H 1
| #define HAVE_STDINT_H 1
| #define HAVE_STRINGS_H 1
| #define HAVE_SYS_STAT_H 1
| #define HAVE_SYS_TYPES_H 1
| #define HAVE_UNISTD_H 1
| #define STDC_HEADERS 1
| #define HAVE_DLFCN_H 1
| #define LT_OBJDIR ".libs/"
| #define HAVE_INT8_T 1
| #define HAVE_INT16_T 1
| #define HAVE_INT32_T 1
| #define HAVE_INT64_T 1
| #define HAVE_INTPTR_T 1
| /* end confdefs.h.  */
| #include <stddef.h>
| #ifdef HAVE_STDIO_H
| # include <stdio.h>
| #endif
| #ifdef HAVE_STDLIB_H
| # include <stdlib.h>
| #endif
| #ifdef HAVE_STRING_H
| # include <string.h>
| #endif
| #ifdef HAVE_INTTYPES_H
| # include <inttypes.h>
| #endif
| #ifdef HAVE_STDINT_H
| # include <stdint.h>
| #endif
| #ifdef HAVE_STRINGS_H
| # include <strings.h>
| #endif
| #ifdef HAVE_SYS_TYPES_H
| # include <sys/types.h>
| #endif
| #ifdef HAVE_SYS_STAT_H
| # include <sys/stat.h>
| #endif
| #ifdef HAVE_UNISTD_H
| # include <unistd.h>
| #endif
| int
| main (void)
| {
| if (sizeof ((uint8_t)))
| 	    return 0;
|   ;
|   return 0;
| }
configure:12033: result: yes
configure:12041: checking for uint16_t
configure:12041: gcc -c -g -O2  conftest.c >&5
configure:12041: $? = 0
configure:12041: gcc -c -g -O2  conftest.c >&5
conftest.c:58:23: error: expected expression
if (sizeof ((uint16_t)))
                      ^
1 error generated.
configure:12041: $? = 1
configure: failed program was:
| /* confdefs.h */
| #define PACKAGE_NAME "sqlite"
| #define PACKAGE_TARNAME "sqlite"
| #define PACKAGE_VERSION "3.37.0"
| #define PACKAGE_STRING "sqlite 3.37.0"
| #define PACKAGE_BUGREPORT ""
| #define PACKAGE_URL ""
| #define HAVE_STDIO_H 1
| #define HAVE_STDLIB_H 1
| #define HAVE_STRING_H 1
| #define HAVE_INTTYPES_H 1
| #define HAVE_STDINT_H 1
| #define HAVE_STRINGS_H 1
| #define HAVE_SYS_STAT_H 1
| #define HAVE_SYS_TYPES_H 1
| #define HAVE_UNISTD_H 1
| #define STDC_HEADERS 1
| #define HAVE_DLFCN_H 1
| #define LT_OBJDIR ".libs/"
| #define HAVE_INT8_T 1
| #define HAVE_INT16_T 1
| #define HAVE_INT32_T 1
| #define HAVE_INT64_T 1
| #define HAVE_INTPTR_T 1
| #define HAVE_UINT8_T 1
| /* end confdefs.h.  */
| #include <stddef.h>
| #ifdef HAVE_STDIO_H
| # include <stdio.h>
| #endif
| #ifdef HAVE_STDLIB_H
| # include <stdlib.h>
| #endif
| #ifdef HAVE_STRING_H
| # include <string.h>
| #endif
| #ifdef HAVE_INTTYPES_H
| # include <inttypes.h>
| #endif
| #ifdef HAVE_STDINT_H
| # include <stdint.h>
| #endif
| #ifdef HAVE_STRINGS_H
| # include <strings.h>
| #endif
| #ifdef HAVE_SYS_TYPES_H
| # include <sys/types.h>
| #endif
| #ifdef HAVE_SYS_STAT_H
| # include <sys/stat.h>
| #endif
| #ifdef HAVE_UNISTD_H
| # include <unistd.h>
| #endif
| int
| main (void)
| {
| if (sizeof ((uint16_t)))
| 	    return 0;
|   ;
|   return 0;
| }
configure:12041: result: yes
configure:12049: checking for uint32_t
configure:12049: gcc -c -g -O2  conftest.c >&5
configure:12049: $? = 0
configure:12049: gcc -c -g -O2  conftest.c >&5
conftest.c:59:23: error: expected expression
if (sizeof ((uint32_t)))
                      ^
1 error generated.
configure:12049: $? = 1
configure: failed program was:
| /* confdefs.h */
| #define PACKAGE_NAME "sqlite"
| #define PACKAGE_TARNAME "sqlite"
| #define PACKAGE_VERSION "3.37.0"
| #define PACKAGE_STRING "sqlite 3.37.0"
| #define PACKAGE_BUGREPORT ""
| #define PACKAGE_URL ""
| #define HAVE_STDIO_H 1
| #define HAVE_STDLIB_H 1
| #define HAVE_STRING_H 1
| #define HAVE_INTTYPES_H 1
| #define HAVE_STDINT_H 1
| #define HAVE_STRINGS_H 1
| #define HAVE_SYS_STAT_H 1
| #define HAVE_SYS_TYPES_H 1
| #define HAVE_UNISTD_H 1
| #define STDC_HEADERS 1
| #define HAVE_DLFCN_H 1
| #define LT_OBJDIR ".libs/"
| #define HAVE_INT8_T 1
| #define HAVE_INT16_T 1
| #define HAVE_INT32_T 1
| #define HAVE_INT64_T 1
| #define HAVE_INTPTR_T 1
| #define HAVE_UINT8_T 1
| #define HAVE_UINT16_T 1
| /* end confdefs.h.  */
| #include <stddef.h>
| #ifdef HAVE_STDIO_H
| # include <stdio.h>
| #endif
| #ifdef HAVE_STDLIB_H
| # include <stdlib.h>
| #endif
| #ifdef HAVE_STRING_H
| # include <string.h>
| #endif
| #ifdef HAVE_INTTYPES_H
| # include <inttypes.h>
| #endif
| #ifdef HAVE_STDINT_H
| # include <stdint.h>
| #endif
| #ifdef HAVE_STRINGS_H
| # include <strings.h>
| #endif
| #ifdef HAVE_SYS_TYPES_H
| # include <sys/types.h>
| #endif
| #ifdef HAVE_SYS_STAT_H
| # include <sys/stat.h>
| #endif
| #ifdef HAVE_UNISTD_H
| # include <unistd.h>
| #endif
| int
| main (void)
| {
| if (sizeof ((uint32_t)))
| 	    return 0;
|   ;
|   return 0;
| }
configure:12049: result: yes
configure:12057: checking for uint64_t
configure:12057: gcc -c -g -O2  conftest.c >&5
configure:12057: $? = 0
configure:12057: gcc -c -g -O2  conftest.c >&5
conftest.c:60:23: error: expected expression
if (sizeof ((uint64_t)))
                      ^
1 error generated.
configure:12057: $? = 1
configure: failed program was:
| /* confdefs.h */
| #define PACKAGE_NAME "sqlite"
| #define PACKAGE_TARNAME "sqlite"
| #define PACKAGE_VERSION "3.37.0"
| #define PACKAGE_STRING "sqlite 3.37.0"
| #define PACKAGE_BUGREPORT ""
| #define PACKAGE_URL ""
| #define HAVE_STDIO_H 1
| #define HAVE_STDLIB_H 1
| #define HAVE_STRING_H 1
| #define HAVE_INTTYPES_H 1
| #define HAVE_STDINT_H 1
| #define HAVE_STRINGS_H 1
| #define HAVE_SYS_STAT_H 1
| #define HAVE_SYS_TYPES_H 1
| #define HAVE_UNISTD_H 1
| #define STDC_HEADERS 1
| #define HAVE_DLFCN_H 1
| #define LT_OBJDIR ".libs/"
| #define HAVE_INT8_T 1
| #define HAVE_INT16_T 1
| #define HAVE_INT32_T 1
| #define HAVE_INT64_T 1
| #define HAVE_INTPTR_T 1
| #define HAVE_UINT8_T 1
| #define HAVE_UINT16_T 1
| #define HAVE_UINT32_T 1
| /* end confdefs.h.  */
| #include <stddef.h>
| #ifdef HAVE_STDIO_H
| # include <stdio.h>
| #endif
| #ifdef HAVE_STDLIB_H
| # include <stdlib.h>
| #endif
| #ifdef HAVE_STRING_H
| # include <string.h>
| #endif
| #ifdef HAVE_INTTYPES_H
| # include <inttypes.h>
| #endif
| #ifdef HAVE_STDINT_H
| # include <stdint.h>
| #endif
| #ifdef HAVE_STRINGS_H
| # include <strings.h>
| #endif
| #ifdef HAVE_SYS_TYPES_H
| # include <sys/types.h>
| #endif
| #ifdef HAVE_SYS_STAT_H
| # include <sys/stat.h>
| #endif
| #ifdef HAVE_UNISTD_H
| # include <unistd.h>
| #endif
| int
| main (void)
| {
| if (sizeof ((uint64_t)))
| 	    return 0;
|   ;
|   return 0;
| }
configure:12057: result: yes
configure:12065: checking for uintptr_t
configure:12065: gcc -c -g -O2  conftest.c >&5
configure:12065: $? = 0
configure:12065: gcc -c -g -O2  conftest.c >&5
conftest.c:61:24: error: expected expression
if (sizeof ((uintptr_t)))
                       ^
1 error generated.
configure:12065: $? = 1
configure: failed program was:
| /* confdefs.h */
| #define PACKAGE_NAME "sqlite"
| #define PACKAGE_TARNAME "sqlite"
| #define PACKAGE_VERSION "3.37.0"
| #define PACKAGE_STRING "sqlite 3.37.0"
| #define PACKAGE_BUGREPORT ""
| #define PACKAGE_URL ""
| #define HAVE_STDIO_H 1
| #define HAVE_STDLIB_H 1
| #define HAVE_STRING_H 1
| #define HAVE_INTTYPES_H 1
| #define HAVE_STDINT_H 1
| #define HAVE_STRINGS_H 1
| #define HAVE_SYS_STAT_H 1
| #define HAVE_SYS_TYPES_H 1
| #define HAVE_UNISTD_H 1
| #define STDC_HEADERS 1
| #define HAVE_DLFCN_H 1
| #define LT_OBJDIR ".libs/"
| #define HAVE_INT8_T 1
| #define HAVE_INT16_T 1
| #define HAVE_INT32_T 1
| #define HAVE_INT64_T 1
| #define HAVE_INTPTR_T 1
| #define HAVE_UINT8_T 1
| #define HAVE_UINT16_T 1
| #define HAVE_UINT32_T 1
| #define HAVE_UINT64_T 1
| /* end confdefs.h.  */
| #include <stddef.h>
| #ifdef HAVE_STDIO_H
| # include <stdio.h>
| #endif
| #ifdef HAVE_STDLIB_H
| # include <stdlib.h>
| #endif
| #ifdef HAVE_STRING_H
| # include <string.h>
| #endif
| #ifdef HAVE_INTTYPES_H
| # include <inttypes.h>
| #endif
| #ifdef HAVE_STDINT_H
| # include <stdint.h>
| #endif
| #ifdef HAVE_STRINGS_H
| # include <strings.h>
| #endif
| #ifdef HAVE_SYS_TYPES_H
| # include <sys/types.h>
| #endif
| #ifdef HAVE_SYS_STAT_H
| # include <sys/stat.h>
| #endif
| #ifdef HAVE_UNISTD_H
| # include <unistd.h>
| #endif
| int
| main (void)
| {
| if (sizeof ((uintptr_t)))
| 	    return 0;
|   ;
|   return 0;
| }
configure:12065: result: yes
configure:12077: checking for sys/types.h
configure:12077: result: yes
configure:12083: checking for stdlib.h
configure:12083: result: yes
configure:12089: checking for stdint.h
configure:12089: result: yes
configure:12095: checking for inttypes.h
configure:12095: result: yes
configure:12101: checking for malloc.h
configure:12101: gcc -c -g -O2  conftest.c >&5
conftest.c:63:10: fatal error: 'malloc.h' file not found
#include <malloc.h>
         ^~~~~~~~~~
1 error generated.
configure:12101: $? = 1
configure: failed program was:
| /* confdefs.h */
| #define PACKAGE_NAME "sqlite"
| #define PACKAGE_TARNAME "sqlite"
| #define PACKAGE_VERSION "3.37.0"
| #define PACKAGE_STRING "sqlite 3.37.0"
| #define PACKAGE_BUGREPORT ""
| #define PACKAGE_URL ""
| #define HAVE_STDIO_H 1
| #define HAVE_STDLIB_H 1
| #define HAVE_STRING_H 1
| #define HAVE_INTTYPES_H 1
| #define HAVE_STDINT_H 1
| #define HAVE_STRINGS_H 1
| #define HAVE_SYS_STAT_H 1
| #define HAVE_SYS_TYPES_H 1
| #define HAVE_UNISTD_H 1
| #define STDC_HEADERS 1
| #define HAVE_DLFCN_H 1
| #define LT_OBJDIR ".libs/"
| #define HAVE_INT8_T 1
| #define HAVE_INT16_T 1
| #define HAVE_INT32_T 1
| #define HAVE_INT64_T 1
| #define HAVE_INTPTR_T 1
| #define HAVE_UINT8_T 1
| #define HAVE_UINT16_T 1
| #define HAVE_UINT32_T 1
| #define HAVE_UINT64_T 1
| #define HAVE_UINTPTR_T 1
| #define HAVE_SYS_TYPES_H 1
| #define HAVE_STDLIB_H 1
| #define HAVE_STDINT_H 1
| #define HAVE_INTTYPES_H 1
| /* end confdefs.h.  */
| #include <stddef.h>
| #ifdef HAVE_STDIO_H
| # include <stdio.h>
| #endif
| #ifdef HAVE_STDLIB_H
| # include <stdlib.h>
| #endif
| #ifdef HAVE_STRING_H
| # include <string.h>
| #endif
| #ifdef HAVE_INTTYPES_H
| # include <inttypes.h>
| #endif
| #ifdef HAVE_STDINT_H
| # include <stdint.h>
| #endif
| #ifdef HAVE_STRINGS_H
| # include <strings.h>
| #endif
| #ifdef HAVE_SYS_TYPES_H
| # include <sys/types.h>
| #endif
| #ifdef HAVE_SYS_STAT_H
| # include <sys/stat.h>
| #endif
| #ifdef HAVE_UNISTD_H
| # include <unistd.h>
| #endif
| #include <malloc.h>
configure:12101: result: no
configure:12112: checking for fdatasync
configure:12112: gcc -o conftest -g -O2   conftest.c  >&5
configure:12112: $? = 0
configure:12112: result: yes
configure:12118: checking for gmtime_r
configure:12118: gcc -o conftest -g -O2   conftest.c  >&5
configure:12118: $? = 0
configure:12118: result: yes
configure:12124: checking for isnan
configure:12124: gcc -o conftest -g -O2   conftest.c  >&5
configure:12124: $? = 0
configure:12124: result: yes
configure:12130: checking for localtime_r
configure:12130: gcc -o conftest -g -O2   conftest.c  >&5
configure:12130: $? = 0
configure:12130: result: yes
configure:12136: checking for localtime_s
configure:12136: gcc -o conftest -g -O2   conftest.c  >&5
Undefined symbols for architecture x86_64:
  "_localtime_s", referenced from:
      _main in conftest-8b3841.o
ld: symbol(s) not found for architecture x86_64
clang: error: linker command failed with exit code 1 (use -v to see invocation)
configure:12136: $? = 1
configure: failed program was:
| /* confdefs.h */
| #define PACKAGE_NAME "sqlite"
| #define PACKAGE_TARNAME "sqlite"
| #define PACKAGE_VERSION "3.37.0"
| #define PACKAGE_STRING "sqlite 3.37.0"
| #define PACKAGE_BUGREPORT ""
| #define PACKAGE_URL ""
| #define HAVE_STDIO_H 1
| #define HAVE_STDLIB_H 1
| #define HAVE_STRING_H 1
| #define HAVE_INTTYPES_H 1
| #define HAVE_STDINT_H 1
| #define HAVE_STRINGS_H 1
| #define HAVE_SYS_STAT_H 1
| #define HAVE_SYS_TYPES_H 1
| #define HAVE_UNISTD_H 1
| #define STDC_HEADERS 1
| #define HAVE_DLFCN_H 1
| #define LT_OBJDIR ".libs/"
| #define HAVE_INT8_T 1
| #define HAVE_INT16_T 1
| #define HAVE_INT32_T 1
| #define HAVE_INT64_T 1
| #define HAVE_INTPTR_T 1
| #define HAVE_UINT8_T 1
| #define HAVE_UINT16_T 1
| #define HAVE_UINT32_T 1
| #define HAVE_UINT64_T 1
| #define HAVE_UINTPTR_T 1
| #define HAVE_SYS_TYPES_H 1
| #define HAVE_STDLIB_H 1
| #define HAVE_STDINT_H 1
| #define HAVE_INTTYPES_H 1
| #define HAVE_FDATASYNC 1
| #define HAVE_GMTIME_R 1
| #define HAVE_ISNAN 1
| #define HAVE_LOCALTIME_R 1
| /* end confdefs.h.  */
| /* Define localtime_s to an innocuous variant, in case <limits.h> declares localtime_s.
|    For example, HP-UX 11i <limits.h> declares gettimeofday.  */
| #define localtime_s innocuous_localtime_s
| 
| /* System header to define __stub macros and hopefully few prototypes,
|    which can conflict with char localtime_s (); below.  */
| 
| #include <limits.h>
| #undef localtime_s
| 
| /* Override any GCC internal prototype to avoid an error.
|    Use char because int might match the return type of a GCC
|    builtin and then its argument prototype would still apply.  */
| #ifdef __cplusplus
| extern "C"
| #endif
| char localtime_s ();
| /* The GNU C library defines this for functions which it implements
|     to always fail with ENOSYS.  Some functions are actually named
|     something starting with __ and the normal name is an alias.  */
| #if defined __stub_localtime_s || defined __stub___localtime_s
| choke me
| #endif
| 
| int
| main (void)
| {
| return localtime_s ();
|   ;
|   return 0;
| }
configure:12136: result: no
configure:12142: checking for malloc_usable_size
configure:12142: gcc -o conftest -g -O2   conftest.c  >&5
Undefined symbols for architecture x86_64:
  "_malloc_usable_size", referenced from:
      _main in conftest-5b5837.o
ld: symbol(s) not found for architecture x86_64
clang: error: linker command failed with exit code 1 (use -v to see invocation)
configure:12142: $? = 1
configure: failed program was:
| /* confdefs.h */
| #define PACKAGE_NAME "sqlite"
| #define PACKAGE_TARNAME "sqlite"
| #define PACKAGE_VERSION "3.37.0"
| #define PACKAGE_STRING "sqlite 3.37.0"
| #define PACKAGE_BUGREPORT ""
| #define PACKAGE_URL ""
| #define HAVE_STDIO_H 1
| #define HAVE_STDLIB_H 1
| #define HAVE_STRING_H 1
| #define HAVE_INTTYPES_H 1
| #define HAVE_STDINT_H 1
| #define HAVE_STRINGS_H 1
| #define HAVE_SYS_STAT_H 1
| #define HAVE_SYS_TYPES_H 1
| #define HAVE_UNISTD_H 1
| #define STDC_HEADERS 1
| #define HAVE_DLFCN_H 1
| #define LT_OBJDIR ".libs/"
| #define HAVE_INT8_T 1
| #define HAVE_INT16_T 1
| #define HAVE_INT32_T 1
| #define HAVE_INT64_T 1
| #define HAVE_INTPTR_T 1
| #define HAVE_UINT8_T 1
| #define HAVE_UINT16_T 1
| #define HAVE_UINT32_T 1
| #define HAVE_UINT64_T 1
| #define HAVE_UINTPTR_T 1
| #define HAVE_SYS_TYPES_H 1
| #define HAVE_STDLIB_H 1
| #define HAVE_STDINT_H 1
| #define HAVE_INTTYPES_H 1
| #define HAVE_FDATASYNC 1
| #define HAVE_GMTIME_R 1
| #define HAVE_ISNAN 1
| #define HAVE_LOCALTIME_R 1
| /* end confdefs.h.  */
| /* Define malloc_usable_size to an innocuous variant, in case <limits.h> declares malloc_usable_size.
|    For example, HP-UX 11i <limits.h> declares gettimeofday.  */
| #define malloc_usable_size innocuous_malloc_usable_size
| 
| /* System header to define __stub macros and hopefully few prototypes,
|    which can conflict with char malloc_usable_size (); below.  */
| 
| #include <limits.h>
| #undef malloc_usable_size
| 
| /* Override any GCC internal prototype to avoid an error.
|    Use char because int might match the return type of a GCC
|    builtin and then its argument prototype would still apply.  */
| #ifdef __cplusplus
| extern "C"
| #endif
| char malloc_usable_size ();
| /* The GNU C library defines this for functions which it implements
|     to always fail with ENOSYS.  Some functions are actually named
|     something starting with __ and the normal name is an alias.  */
| #if defined __stub_malloc_usable_size || defined __stub___malloc_usable_size
| choke me
| #endif
| 
| int
| main (void)
| {
| return malloc_usable_size ();
|   ;
|   return 0;
| }
configure:12142: result: no
configure:12148: checking for strchrnul
configure:12148: gcc -o conftest -g -O2   conftest.c  >&5
Undefined symbols for architecture x86_64:
  "_strchrnul", referenced from:
      _main in conftest-f36384.o
ld: symbol(s) not found for architecture x86_64
clang: error: linker command failed with exit code 1 (use -v to see invocation)
configure:12148: $? = 1
configure: failed program was:
| /* confdefs.h */
| #define PACKAGE_NAME "sqlite"
| #define PACKAGE_TARNAME "sqlite"
| #define PACKAGE_VERSION "3.37.0"
| #define PACKAGE_STRING "sqlite 3.37.0"
| #define PACKAGE_BUGREPORT ""
| #define PACKAGE_URL ""
| #define HAVE_STDIO_H 1
| #define HAVE_STDLIB_H 1
| #define HAVE_STRING_H 1
| #define HAVE_INTTYPES_H 1
| #define HAVE_STDINT_H 1
| #define HAVE_STRINGS_H 1
| #define HAVE_SYS_STAT_H 1
| #define HAVE_SYS_TYPES_H 1
| #define HAVE_UNISTD_H 1
| #define STDC_HEADERS 1
| #define HAVE_DLFCN_H 1
| #define LT_OBJDIR ".libs/"
| #define HAVE_INT8_T 1
| #define HAVE_INT16_T 1
| #define HAVE_INT32_T 1
| #define HAVE_INT64_T 1
| #define HAVE_INTPTR_T 1
| #define HAVE_UINT8_T 1
| #define HAVE_UINT16_T 1
| #define HAVE_UINT32_T 1
| #define HAVE_UINT64_T 1
| #define HAVE_UINTPTR_T 1
| #define HAVE_SYS_TYPES_H 1
| #define HAVE_STDLIB_H 1
| #define HAVE_STDINT_H 1
| #define HAVE_INTTYPES_H 1
| #define HAVE_FDATASYNC 1
| #define HAVE_GMTIME_R 1
| #define HAVE_ISNAN 1
| #define HAVE_LOCALTIME_R 1
| /* end confdefs.h.  */
| /* Define strchrnul to an innocuous variant, in case <limits.h> declares strchrnul.
|    For example, HP-UX 11i <limits.h> declares gettimeofday.  */
| #define strchrnul innocuous_strchrnul
| 
| /* System header to define __stub macros and hopefully few prototypes,
|    which can conflict with char strchrnul (); below.  */
| 
| #include <limits.h>
| #undef strchrnul
| 
| /* Override any GCC internal prototype to avoid an error.
|    Use char because int might match the return type of a GCC
|    builtin and then its argument prototype would still apply.  */
| #ifdef __cplusplus
| extern "C"
| #endif
| char strchrnul ();
| /* The GNU C library defines this for functions which it implements
|     to always fail with ENOSYS.  Some functions are actually named
|     something starting with __ and the normal name is an alias.  */
| #if defined __stub_strchrnul || defined __stub___strchrnul
| choke me
| #endif
| 
| int
| main (void)
| {
| return strchrnul ();
|   ;
|   return 0;
| }
configure:12148: result: no
configure:12154: checking for usleep
configure:12154: gcc -o conftest -g -O2   conftest.c  >&5
configure:12154: $? = 0
configure:12154: result: yes
configure:12160: checking for utime
configure:12160: gcc -o conftest -g -O2   conftest.c  >&5
configure:12160: $? = 0
configure:12160: result: yes
configure:12166: checking for pread
configure:12166: gcc -o conftest -g -O2   conftest.c  >&5
configure:12166: $? = 0
configure:12166: result: yes
configure:12172: checking for pread64
configure:12172: gcc -o conftest -g -O2   conftest.c  >&5
Undefined symbols for architecture x86_64:
  "_pread64", referenced from:
      _main in conftest-95525d.o
ld: symbol(s) not found for architecture x86_64
clang: error: linker command failed with exit code 1 (use -v to see invocation)
configure:12172: $? = 1
configure: failed program was:
| /* confdefs.h */
| #define PACKAGE_NAME "sqlite"
| #define PACKAGE_TARNAME "sqlite"
| #define PACKAGE_VERSION "3.37.0"
| #define PACKAGE_STRING "sqlite 3.37.0"
| #define PACKAGE_BUGREPORT ""
| #define PACKAGE_URL ""
| #define HAVE_STDIO_H 1
| #define HAVE_STDLIB_H 1
| #define HAVE_STRING_H 1
| #define HAVE_INTTYPES_H 1
| #define HAVE_STDINT_H 1
| #define HAVE_STRINGS_H 1
| #define HAVE_SYS_STAT_H 1
| #define HAVE_SYS_TYPES_H 1
| #define HAVE_UNISTD_H 1
| #define STDC_HEADERS 1
| #define HAVE_DLFCN_H 1
| #define LT_OBJDIR ".libs/"
| #define HAVE_INT8_T 1
| #define HAVE_INT16_T 1
| #define HAVE_INT32_T 1
| #define HAVE_INT64_T 1
| #define HAVE_INTPTR_T 1
| #define HAVE_UINT8_T 1
| #define HAVE_UINT16_T 1
| #define HAVE_UINT32_T 1
| #define HAVE_UINT64_T 1
| #define HAVE_UINTPTR_T 1
| #define HAVE_SYS_TYPES_H 1
| #define HAVE_STDLIB_H 1
| #define HAVE_STDINT_H 1
| #define HAVE_INTTYPES_H 1
| #define HAVE_FDATASYNC 1
| #define HAVE_GMTIME_R 1
| #define HAVE_ISNAN 1
| #define HAVE_LOCALTIME_R 1
| #define HAVE_USLEEP 1
| #define HAVE_UTIME 1
| #define HAVE_PREAD 1
| /* end confdefs.h.  */
| /* Define pread64 to an innocuous variant, in case <limits.h> declares pread64.
|    For example, HP-UX 11i <limits.h> declares gettimeofday.  */
| #define pread64 innocuous_pread64
| 
| /* System header to define __stub macros and hopefully few prototypes,
|    which can conflict with char pread64 (); below.  */
| 
| #include <limits.h>
| #undef pread64
| 
| /* Override any GCC internal prototype to avoid an error.
|    Use char because int might match the return type of a GCC
|    builtin and then its argument prototype would still apply.  */
| #ifdef __cplusplus
| extern "C"
| #endif
| char pread64 ();
| /* The GNU C library defines this for functions which it implements
|     to always fail with ENOSYS.  Some functions are actually named
|     something starting with __ and the normal name is an alias.  */
| #if defined __stub_pread64 || defined __stub___pread64
| choke me
| #endif
| 
| int
| main (void)
| {
| return pread64 ();
|   ;
|   return 0;
| }
configure:12172: result: no
configure:12178: checking for pwrite
configure:12178: gcc -o conftest -g -O2   conftest.c  >&5
configure:12178: $? = 0
configure:12178: result: yes
configure:12184: checking for pwrite64
configure:12184: gcc -o conftest -g -O2   conftest.c  >&5
Undefined symbols for architecture x86_64:
  "_pwrite64", referenced from:
      _main in conftest-e9adc7.o
ld: symbol(s) not found for architecture x86_64
clang: error: linker command failed with exit code 1 (use -v to see invocation)
configure:12184: $? = 1
configure: failed program was:
| /* confdefs.h */
| #define PACKAGE_NAME "sqlite"
| #define PACKAGE_TARNAME "sqlite"
| #define PACKAGE_VERSION "3.37.0"
| #define PACKAGE_STRING "sqlite 3.37.0"
| #define PACKAGE_BUGREPORT ""
| #define PACKAGE_URL ""
| #define HAVE_STDIO_H 1
| #define HAVE_STDLIB_H 1
| #define HAVE_STRING_H 1
| #define HAVE_INTTYPES_H 1
| #define HAVE_STDINT_H 1
| #define HAVE_STRINGS_H 1
| #define HAVE_SYS_STAT_H 1
| #define HAVE_SYS_TYPES_H 1
| #define HAVE_UNISTD_H 1
| #define STDC_HEADERS 1
| #define HAVE_DLFCN_H 1
| #define LT_OBJDIR ".libs/"
| #define HAVE_INT8_T 1
| #define HAVE_INT16_T 1
| #define HAVE_INT32_T 1
| #define HAVE_INT64_T 1
| #define HAVE_INTPTR_T 1
| #define HAVE_UINT8_T 1
| #define HAVE_UINT16_T 1
| #define HAVE_UINT32_T 1
| #define HAVE_UINT64_T 1
| #define HAVE_UINTPTR_T 1
| #define HAVE_SYS_TYPES_H 1
| #define HAVE_STDLIB_H 1
| #define HAVE_STDINT_H 1
| #define HAVE_INTTYPES_H 1
| #define HAVE_FDATASYNC 1
| #define HAVE_GMTIME_R 1
| #define HAVE_ISNAN 1
| #define HAVE_LOCALTIME_R 1
| #define HAVE_USLEEP 1
| #define HAVE_UTIME 1
| #define HAVE_PREAD 1
| #define HAVE_PWRITE 1
| /* end confdefs.h.  */
| /* Define pwrite64 to an innocuous variant, in case <limits.h> declares pwrite64.
|    For example, HP-UX 11i <limits.h> declares gettimeofday.  */
| #define pwrite64 innocuous_pwrite64
| 
| /* System header to define __stub macros and hopefully few prototypes,
|    which can conflict with char pwrite64 (); below.  */
| 
| #include <limits.h>
| #undef pwrite64
| 
| /* Override any GCC internal prototype to avoid an error.
|    Use char because int might match the return type of a GCC
|    builtin and then its argument prototype would still apply.  */
| #ifdef __cplusplus
| extern "C"
| #endif
| char pwrite64 ();
| /* The GNU C library defines this for functions which it implements
|     to always fail with ENOSYS.  Some functions are actually named
|     something starting with __ and the normal name is an alias.  */
| #if defined __stub_pwrite64 || defined __stub___pwrite64
| choke me
| #endif
| 
| int
| main (void)
| {
| return pwrite64 ();
|   ;
|   return 0;
| }
configure:12184: result: no
configure:12206: checking for tclsh8.7
configure:12241: result: no
configure:12206: checking for tclsh8.6
configure:12227: found /Users/hyc/opt/anaconda3/bin/tclsh8.6
configure:12238: result: tclsh8.6
configure:12281: Version set to 3.37
configure:12285: Release set to 3.37.0
configure:12361: checking whether to support threadsafe operation
configure:12369: result: yes
configure:12375: checking for library containing pthread_create
configure:12405: gcc -o conftest -g -O2   conftest.c  >&5
configure:12405: $? = 0
configure:12425: result: none required
configure:12434: checking for library containing pthread_mutexattr_init
configure:12464: gcc -o conftest -g -O2   conftest.c  >&5
configure:12464: $? = 0
configure:12484: result: none required
configure:12506: checking whether to support shared library linked as release mode or not
configure:12510: result: no
configure:12530: checking whether to use an in-ram database for temporary tables
configure:12540: result: no
configure:12567: checking if executables have the .exe suffix
configure:12574: result: unknown
configure:12634: checking for Tcl configuration
configure:12757: result: found /Users/hyc/opt/anaconda3/lib/tclConfig.sh
configure:12760: checking for existence of /Users/hyc/opt/anaconda3/lib/tclConfig.sh
configure:12763: result: loading
configure:12849: checking for library containing readline
configure:12879: gcc -o conftest -g -O2 -DSQLITE_OS_UNIX=1   conftest.c  >&5
Undefined symbols for architecture x86_64:
  "_readline", referenced from:
      _main in conftest-2e8fe5.o
ld: symbol(s) not found for architecture x86_64
clang: error: linker command failed with exit code 1 (use -v to see invocation)
configure:12879: $? = 1
configure: failed program was:
| /* confdefs.h */
| #define PACKAGE_NAME "sqlite"
| #define PACKAGE_TARNAME "sqlite"
| #define PACKAGE_VERSION "3.37.0"
| #define PACKAGE_STRING "sqlite 3.37.0"
| #define PACKAGE_BUGREPORT ""
| #define PACKAGE_URL ""
| #define HAVE_STDIO_H 1
| #define HAVE_STDLIB_H 1
| #define HAVE_STRING_H 1
| #define HAVE_INTTYPES_H 1
| #define HAVE_STDINT_H 1
| #define HAVE_STRINGS_H 1
| #define HAVE_SYS_STAT_H 1
| #define HAVE_SYS_TYPES_H 1
| #define HAVE_UNISTD_H 1
| #define STDC_HEADERS 1
| #define HAVE_DLFCN_H 1
| #define LT_OBJDIR ".libs/"
| #define HAVE_INT8_T 1
| #define HAVE_INT16_T 1
| #define HAVE_INT32_T 1
| #define HAVE_INT64_T 1
| #define HAVE_INTPTR_T 1
| #define HAVE_UINT8_T 1
| #define HAVE_UINT16_T 1
| #define HAVE_UINT32_T 1
| #define HAVE_UINT64_T 1
| #define HAVE_UINTPTR_T 1
| #define HAVE_SYS_TYPES_H 1
| #define HAVE_STDLIB_H 1
| #define HAVE_STDINT_H 1
| #define HAVE_INTTYPES_H 1
| #define HAVE_FDATASYNC 1
| #define HAVE_GMTIME_R 1
| #define HAVE_ISNAN 1
| #define HAVE_LOCALTIME_R 1
| #define HAVE_USLEEP 1
| #define HAVE_UTIME 1
| #define HAVE_PREAD 1
| #define HAVE_PWRITE 1
| /* end confdefs.h.  */
| 
| /* Override any GCC internal prototype to avoid an error.
|    Use char because int might match the return type of a GCC
|    builtin and then its argument prototype would still apply.  */
| char readline ();
| int
| main (void)
| {
| return readline ();
|   ;
|   return 0;
| }
configure:12879: gcc -o conftest -g -O2 -DSQLITE_OS_UNIX=1   conftest.c -ledit   >&5
configure:12879: $? = 0
configure:12899: result: -ledit
configure:13113: checking for library containing fdatasync
configure:13143: gcc -o conftest -g -O2 -DSQLITE_OS_UNIX=1   conftest.c  >&5
configure:13143: $? = 0
configure:13163: result: none required
configure:13181: checking build type
configure:13189: result: release
configure:13209: checking for zlib.h
configure:13209: gcc -c -g -O2 -DSQLITE_OS_UNIX=1  conftest.c >&5
configure:13209: $? = 0
configure:13209: result: yes
configure:13216: checking for library containing deflate
configure:13246: gcc -o conftest -g -O2 -DSQLITE_OS_UNIX=1   conftest.c  >&5
Undefined symbols for architecture x86_64:
  "_deflate", referenced from:
      _main in conftest-1af3e5.o
ld: symbol(s) not found for architecture x86_64
clang: error: linker command failed with exit code 1 (use -v to see invocation)
configure:13246: $? = 1
configure: failed program was:
| /* confdefs.h */
| #define PACKAGE_NAME "sqlite"
| #define PACKAGE_TARNAME "sqlite"
| #define PACKAGE_VERSION "3.37.0"
| #define PACKAGE_STRING "sqlite 3.37.0"
| #define PACKAGE_BUGREPORT ""
| #define PACKAGE_URL ""
| #define HAVE_STDIO_H 1
| #define HAVE_STDLIB_H 1
| #define HAVE_STRING_H 1
| #define HAVE_INTTYPES_H 1
| #define HAVE_STDINT_H 1
| #define HAVE_STRINGS_H 1
| #define HAVE_SYS_STAT_H 1
| #define HAVE_SYS_TYPES_H 1
| #define HAVE_UNISTD_H 1
| #define STDC_HEADERS 1
| #define HAVE_DLFCN_H 1
| #define LT_OBJDIR ".libs/"
| #define HAVE_INT8_T 1
| #define HAVE_INT16_T 1
| #define HAVE_INT32_T 1
| #define HAVE_INT64_T 1
| #define HAVE_INTPTR_T 1
| #define HAVE_UINT8_T 1
| #define HAVE_UINT16_T 1
| #define HAVE_UINT32_T 1
| #define HAVE_UINT64_T 1
| #define HAVE_UINTPTR_T 1
| #define HAVE_SYS_TYPES_H 1
| #define HAVE_STDLIB_H 1
| #define HAVE_STDINT_H 1
| #define HAVE_INTTYPES_H 1
| #define HAVE_FDATASYNC 1
| #define HAVE_GMTIME_R 1
| #define HAVE_ISNAN 1
| #define HAVE_LOCALTIME_R 1
| #define HAVE_USLEEP 1
| #define HAVE_UTIME 1
| #define HAVE_PREAD 1
| #define HAVE_PWRITE 1
| #define HAVE_ZLIB_H 1
| /* end confdefs.h.  */
| 
| /* Override any GCC internal prototype to avoid an error.
|    Use char because int might match the return type of a GCC
|    builtin and then its argument prototype would still apply.  */
| char deflate ();
| int
| main (void)
| {
| return deflate ();
|   ;
|   return 0;
| }
configure:13246: gcc -o conftest -g -O2 -DSQLITE_OS_UNIX=1   conftest.c -lz   >&5
configure:13246: $? = 0
configure:13266: result: -lz
configure:13291: checking for library containing dlopen
configure:13321: gcc -o conftest -g -O2 -DSQLITE_OS_UNIX=1   conftest.c -lz  >&5
configure:13321: $? = 0
configure:13341: result: none required
configure:13363: checking whether to support math functions
configure:13369: result: yes
configure:13372: checking for library containing ceil
configure:13402: gcc -o conftest -g -O2 -DSQLITE_OS_UNIX=1   conftest.c -lz  >&5
conftest.c:48:6: warning: incompatible redeclaration of library function 'ceil' [-Wincompatible-library-redeclaration]
char ceil ();
     ^
conftest.c:48:6: note: 'ceil' is a builtin with type 'double (double)'
1 warning generated.
configure:13402: $? = 0
configure:13422: result: none required
configure:13453: checking whether to support MEMSYS5
configure:13460: result: no
configure:13469: checking whether to support MEMSYS3
configure:13476: result: no
configure:13488: checking whether to support FTS3
configure:13495: result: no
configure:13504: checking whether to support FTS4
configure:13570: result: no
configure:13579: checking whether to support FTS5
configure:13645: result: no
configure:13657: checking whether to support JSON
configure:13664: result: no
configure:13677: checking whether to support LIMIT on UPDATE and DELETE statements
configure:13684: result: no
configure:13698: checking whether to support GEOPOLY
configure:13706: result: no
configure:13718: checking whether to support RTREE
configure:13725: result: no
configure:13737: checking whether to support SESSION
configure:13745: result: no
configure:13941: creating ./config.status

## ---------------------- ##
## Running config.status. ##
## ---------------------- ##

This file was extended by sqlite config.status 3.37.0, which was
generated by GNU Autoconf 2.71.  Invocation command line was

  CONFIG_FILES    = 
  CONFIG_HEADERS  = 
  CONFIG_LINKS    = 
  CONFIG_COMMANDS = 
  $ ./config.status 

on B-R4FCML7L-2125.local

config.status:1093: creating Makefile
config.status:1093: creating sqlite3.pc
config.status:1093: creating config.h
config.status:1268: config.h is unchanged
config.status:1282: executing libtool commands

## ---------------- ##
## Cache variables. ##
## ---------------- ##

ac_cv_build=x86_64-apple-darwin21.3.0
ac_cv_c_compiler_gnu=yes
ac_cv_c_tclconfig=/Users/hyc/opt/anaconda3/lib
ac_cv_env_CC_set=
ac_cv_env_CC_value=
ac_cv_env_CFLAGS_set=
ac_cv_env_CFLAGS_value=
ac_cv_env_CPPFLAGS_set=
ac_cv_env_CPPFLAGS_value=
ac_cv_env_LDFLAGS_set=
ac_cv_env_LDFLAGS_value=
ac_cv_env_LIBS_set=
ac_cv_env_LIBS_value=
ac_cv_env_LT_SYS_LIBRARY_PATH_set=
ac_cv_env_LT_SYS_LIBRARY_PATH_value=
ac_cv_env_TCLLIBDIR_set=
ac_cv_env_TCLLIBDIR_value=
ac_cv_env_build_alias_set=
ac_cv_env_build_alias_value=
ac_cv_env_host_alias_set=
ac_cv_env_host_alias_value=
ac_cv_env_target_alias_set=
ac_cv_env_target_alias_value=
ac_cv_func_fdatasync=yes
ac_cv_func_gmtime_r=yes
ac_cv_func_isnan=yes
ac_cv_func_localtime_r=yes
ac_cv_func_localtime_s=no
ac_cv_func_malloc_usable_size=no
ac_cv_func_pread64=no
ac_cv_func_pread=yes
ac_cv_func_pwrite64=no
ac_cv_func_pwrite=yes
ac_cv_func_strchrnul=no
ac_cv_func_usleep=yes
ac_cv_func_utime=yes
ac_cv_header_dlfcn_h=yes
ac_cv_header_inttypes_h=yes
ac_cv_header_malloc_h=no
ac_cv_header_stdint_h=yes
ac_cv_header_stdio_h=yes
ac_cv_header_stdlib_h=yes
ac_cv_header_string_h=yes
ac_cv_header_strings_h=yes
ac_cv_header_sys_stat_h=yes
ac_cv_header_sys_types_h=yes
ac_cv_header_unistd_h=yes
ac_cv_header_zlib_h=yes
ac_cv_host=x86_64-apple-darwin21.3.0
ac_cv_objext=o
ac_cv_path_EGREP='/usr/bin/grep -E'
ac_cv_path_FGREP='/usr/bin/grep -F'
ac_cv_path_GREP=/usr/bin/grep
ac_cv_path_SED=/usr/bin/sed
ac_cv_path_install='/usr/bin/install -c'
ac_cv_path_lt_DD=/bin/dd
ac_cv_prog_AWK=awk
ac_cv_prog_TCLSH_CMD=tclsh8.6
ac_cv_prog_ac_ct_AR=ar
ac_cv_prog_ac_ct_CC=gcc
ac_cv_prog_ac_ct_DSYMUTIL=dsymutil
ac_cv_prog_ac_ct_LIPO=lipo
ac_cv_prog_ac_ct_NMEDIT=nmedit
ac_cv_prog_ac_ct_OBJDUMP=objdump
ac_cv_prog_ac_ct_OTOOL=otool
ac_cv_prog_ac_ct_RANLIB=ranlib
ac_cv_prog_ac_ct_STRIP=strip
ac_cv_prog_cc_c11=
ac_cv_prog_cc_g=yes
ac_cv_prog_cc_stdc=
ac_cv_search_ceil='none required'
ac_cv_search_deflate=-lz
ac_cv_search_dlopen='none required'
ac_cv_search_fdatasync='none required'
ac_cv_search_pthread_create='none required'
ac_cv_search_pthread_mutexattr_init='none required'
ac_cv_search_readline=-ledit
ac_cv_sys_file_offset_bits=no
ac_cv_sys_largefile_CC=no
ac_cv_type_int16_t=yes
ac_cv_type_int32_t=yes
ac_cv_type_int64_t=yes
ac_cv_type_int8_t=yes
ac_cv_type_intptr_t=yes
ac_cv_type_uint16_t=yes
ac_cv_type_uint32_t=yes
ac_cv_type_uint64_t=yes
ac_cv_type_uint8_t=yes
ac_cv_type_uintptr_t=yes
lt_cv_apple_cc_single_mod=yes
lt_cv_ar_at_file=no
lt_cv_deplibs_check_method=pass_all
lt_cv_file_magic_cmd='$MAGIC_CMD'
lt_cv_file_magic_test_file=
lt_cv_ld_exported_symbols_list=yes
lt_cv_ld_force_load=yes
lt_cv_ld_reload_flag=-r
lt_cv_nm_interface='BSD nm'
lt_cv_objdir=.libs
lt_cv_path_LD=/Library/Developer/CommandLineTools/usr/bin/ld
lt_cv_path_NM='/usr/bin/nm -B'
lt_cv_path_mainfest_tool=no
lt_cv_prog_compiler_c_o=yes
lt_cv_prog_compiler_pic='-fno-common -DPIC'
lt_cv_prog_compiler_pic_works=yes
lt_cv_prog_compiler_rtti_exceptions=yes
lt_cv_prog_compiler_static_works=no
lt_cv_prog_gnu_ld=no
lt_cv_sharedlib_from_linklib_cmd='printf %s\n'
lt_cv_sys_global_symbol_pipe='sed -n -e '\''s/^.*[	 ]\([BCDEGRST][BCDEGRST]*\)[	 ][	 ]*_\([_A-Za-z][_A-Za-z0-9]*\)$/\1 _\2 \2/p'\'' | sed '\''/ __gnu_lto/d'\'''
lt_cv_sys_global_symbol_to_c_name_address='sed -n -e '\''s/^: \(.*\) .*$/  {"\1", (void *) 0},/p'\'' -e '\''s/^[BCDEGRST][BCDEGRST]* .* \(.*\)$/  {"\1", (void *) \&\1},/p'\'''
lt_cv_sys_global_symbol_to_c_name_address_lib_prefix='sed -n -e '\''s/^: \(.*\) .*$/  {"\1", (void *) 0},/p'\'' -e '\''s/^[BCDEGRST][BCDEGRST]* .* \(lib.*\)$/  {"\1", (void *) \&\1},/p'\'' -e '\''s/^[BCDEGRST][BCDEGRST]* .* \(.*\)$/  {"lib\1", (void *) \&\1},/p'\'''
lt_cv_sys_global_symbol_to_cdecl='sed -n -e '\''s/^T .* \(.*\)$/extern int \1();/p'\'' -e '\''s/^[BCDEGRST][BCDEGRST]* .* \(.*\)$/extern char \1;/p'\'''
lt_cv_sys_global_symbol_to_import=
lt_cv_sys_max_cmd_len=786432
lt_cv_to_host_file_cmd=func_convert_file_noop
lt_cv_to_tool_file_cmd=func_convert_file_noop
lt_cv_truncate_bin='/bin/dd bs=4096 count=1'

## ----------------- ##
## Output variables. ##
## ----------------- ##

ALLOWRELEASE=''
AR='ar'
AWK='awk'
BUILD_CC='gcc'
BUILD_CFLAGS=' -g -O2'
BUILD_EXEEXT=''
CC='gcc'
CFLAGS=' -g -O2 -DSQLITE_OS_UNIX=1'
CPPFLAGS=''
DEFS='-DHAVE_CONFIG_H'
DLLTOOL='false'
DSYMUTIL='dsymutil'
DUMPBIN=''
ECHO_C='\c'
ECHO_N=''
ECHO_T=''
EGREP='/usr/bin/grep -E'
EXEEXT=''
FGREP='/usr/bin/grep -F'
GREP='/usr/bin/grep'
HAVE_TCL='1'
HAVE_ZLIB='-DSQLITE_HAVE_ZLIB=1'
INSTALL_DATA='${INSTALL} -m 644'
INSTALL_PROGRAM='${INSTALL}'
INSTALL_SCRIPT='${INSTALL}'
LD='/Library/Developer/CommandLineTools/usr/bin/ld'
LDFLAGS=''
LIBOBJS=''
LIBS='-lz '
LIBTOOL='$(SHELL) $(top_builddir)/libtool'
LIPO='lipo'
LN_S='ln -s'
LTLIBOBJS=''
LT_SYS_LIBRARY_PATH=''
MANIFEST_TOOL=':'
NM='/usr/bin/nm -B'
NMEDIT='nmedit'
OBJDUMP='objdump'
OBJEXT='o'
OPT_FEATURE_FLAGS=' -DSQLITE_ENABLE_MATH_FUNCTIONS'
OTOOL64=':'
OTOOL='otool'
PACKAGE_BUGREPORT=''
PACKAGE_NAME='sqlite'
PACKAGE_STRING='sqlite 3.37.0'
PACKAGE_TARNAME='sqlite'
PACKAGE_URL=''
PACKAGE_VERSION='3.37.0'
PATH_SEPARATOR=':'
RANLIB='ranlib'
RELEASE='3.37.0'
SED='/usr/bin/sed'
SHELL='/bin/sh'
SQLITE_OS_UNIX='1'
SQLITE_OS_WIN='0'
SQLITE_THREADSAFE='1'
STRIP='strip'
TARGET_DEBUG='-DNDEBUG'
TARGET_EXEEXT=''
TARGET_HAVE_EDITLINE='1'
TARGET_HAVE_READLINE='0'
TARGET_READLINE_INC=''
TARGET_READLINE_LIBS='-ledit '
TCLLIBDIR='/Users/hyc/opt/anaconda3/lib/tcl8.6/sqlite3'
TCLSH_CMD='tclsh8.6'
TCL_BIN_DIR='/Users/hyc/opt/anaconda3/lib'
TCL_INCLUDE_SPEC='-I/Users/hyc/opt/anaconda3/include'
TCL_LIB_FILE='libtcl8.6.dylib'
TCL_LIB_FLAG='-ltcl8.6'
TCL_LIB_SPEC='-L/Users/hyc/opt/anaconda3/lib -ltcl8.6'
TCL_SHLIB_SUFFIX='.dylib'
TCL_SRC_DIR='/opt/concourse/worker/volumes/live/10dd1500-e7e9-4eb8-4ab4-a7c774e03737/volume/tk_1592503177392/work/tcl8.6.10'
TCL_STUB_LIB_FILE='libtclstub8.6.a'
TCL_STUB_LIB_FLAG='-ltclstub8.6'
TCL_STUB_LIB_SPEC='-L/Users/hyc/opt/anaconda3/lib -ltclstub8.6'
TCL_VERSION='8.6'
TEMP_STORE='1'
USE_AMALGAMATION='1'
USE_GCOV='0'
VERSION='3.37'
ac_ct_AR='ar'
ac_ct_CC='gcc'
ac_ct_DUMPBIN=''
bindir='${exec_prefix}/bin'
build='x86_64-apple-darwin21.3.0'
build_alias=''
build_cpu='x86_64'
build_os='darwin21.3.0'
build_vendor='apple'
datadir='${datarootdir}'
datarootdir='${prefix}/share'
docdir='${datarootdir}/doc/${PACKAGE_TARNAME}'
dvidir='${docdir}'
exec_prefix='${prefix}'
host='x86_64-apple-darwin21.3.0'
host_alias=''
host_cpu='x86_64'
host_os='darwin21.3.0'
host_vendor='apple'
htmldir='${docdir}'
includedir='${prefix}/include'
infodir='${datarootdir}/info'
libdir='${exec_prefix}/lib'
libexecdir='${exec_prefix}/libexec'
localedir='${datarootdir}/locale'
localstatedir='${prefix}/var'
mandir='${datarootdir}/man'
oldincludedir='/usr/include'
pdfdir='${docdir}'
prefix='/usr/local'
program_prefix=''
program_transform_name='s,x,x,'
psdir='${docdir}'
runstatedir='${localstatedir}/run'
sbindir='${exec_prefix}/sbin'
sharedstatedir='${prefix}/com'
sysconfdir='${prefix}/etc'
target_alias=''

## ----------- ##
## confdefs.h. ##
## ----------- ##

/* confdefs.h */
#define PACKAGE_NAME "sqlite"
#define PACKAGE_TARNAME "sqlite"
#define PACKAGE_VERSION "3.37.0"
#define PACKAGE_STRING "sqlite 3.37.0"
#define PACKAGE_BUGREPORT ""
#define PACKAGE_URL ""
#define HAVE_STDIO_H 1
#define HAVE_STDLIB_H 1
#define HAVE_STRING_H 1
#define HAVE_INTTYPES_H 1
#define HAVE_STDINT_H 1
#define HAVE_STRINGS_H 1
#define HAVE_SYS_STAT_H 1
#define HAVE_SYS_TYPES_H 1
#define HAVE_UNISTD_H 1
#define STDC_HEADERS 1
#define HAVE_DLFCN_H 1
#define LT_OBJDIR ".libs/"
#define HAVE_INT8_T 1
#define HAVE_INT16_T 1
#define HAVE_INT32_T 1
#define HAVE_INT64_T 1
#define HAVE_INTPTR_T 1
#define HAVE_UINT8_T 1
#define HAVE_UINT16_T 1
#define HAVE_UINT32_T 1
#define HAVE_UINT64_T 1
#define HAVE_UINTPTR_T 1
#define HAVE_SYS_TYPES_H 1
#define HAVE_STDLIB_H 1
#define HAVE_STDINT_H 1
#define HAVE_INTTYPES_H 1
#define HAVE_FDATASYNC 1
#define HAVE_GMTIME_R 1
#define HAVE_ISNAN 1
#define HAVE_LOCALTIME_R 1
#define HAVE_USLEEP 1
#define HAVE_UTIME 1
#define HAVE_PREAD 1
#define HAVE_PWRITE 1
#define HAVE_ZLIB_H 1

configure: exit 0
